2025-07-13 17:56:52,217 - SalaryLoaderBackend - INFO - Starte Import: C:/Users/moahm/Downloads/rechnung.25003286.pdf
2025-07-13 17:57:05,106 - SalaryLoaderBackend - INFO - [DEBUG] Gesamter OCR-Text:
2025-07-13 17:57:05,107 - SalaryLoaderBackend - INFO - 1 TAXI
2025-07-13 17:57:05,107 - SalaryLoaderBackend - INFO - ... einfach angenehm.
2025-07-13 17:57:05,107 - SalaryLoaderBackend - INFO - EL KAPTIN KG
2025-07-13 17:57:05,107 - SalaryLoaderBackend - INFO - SCHUTTAUSTR. 1-39/11/4
2025-07-13 17:57:05,107 - SalaryLoaderBackend - INFO - 1220 WIEN
2025-07-13 17:57:05,108 - SalaryLoaderBackend - INFO - Rechnung-Nr. 25003286 Wien, 02.06.2025
2025-07-13 17:57:05,108 - SalaryLoaderBackend - INFO - Kunden-Nr. 2106413
2025-07-13 17:57:05,108 - SalaryLoaderBackend - INFO - UID: ATU73590223
2025-07-13 17:57:05,108 - SalaryLoaderBackend - INFO - netto USt
2025-07-13 17:57:05,108 - SalaryLoaderBackend - INFO - Pauschale Gebühren:
2025-07-13 17:57:05,109 - SalaryLoaderBackend - INFO - 3x Abrechnungspauschale 15,00 20%
2025-07-13 17:57:05,109 - SalaryLoaderBackend - INFO - 3x Monatsgebühr Flughafen 15,13 20%
2025-07-13 17:57:05,109 - SalaryLoaderBackend - INFO - 3x Gutschrift für die Einzugsermächtigung -49,71 20%
2025-07-13 17:57:05,109 - SalaryLoaderBackend - INFO - 1x Kleine Funkpauschale 232,00 20%
2025-07-13 17:57:05,109 - SalaryLoaderBackend - INFO - 2x Mini Funkpauschale 133,55 20%
2025-07-13 17:57:05,109 - SalaryLoaderBackend - INFO - 2x Lizenz driverAPP 20% 17,42 20%
2025-07-13 17:57:05,110 - SalaryLoaderBackend - INFO - 1x Abrechnungspauschale Reg-Kassa 11,00 20%
2025-07-13 17:57:05,110 - SalaryLoaderBackend - INFO - 3x Umweltbonus für papierfreie Abrechnung -32,42 20%
2025-07-13 17:57:05,110 - SalaryLoaderBackend - INFO - Summe Pauschale Gebühren 341,97 20%
2025-07-13 17:57:05,110 - SalaryLoaderBackend - INFO - Funkgebühren:
2025-07-13 17:57:05,110 - SalaryLoaderBackend - INFO - Impulse OhnePreis 125,16 20%
2025-07-13 17:57:05,110 - SalaryLoaderBackend - INFO - Impulse Flughafen 10,02 20%
2025-07-13 17:57:05,110 - SalaryLoaderBackend - INFO - Impulse Fixpreis 71,32 20%
2025-07-13 17:57:05,111 - SalaryLoaderBackend - INFO - Gutschrift APP Fahrt -1,67 20%
2025-07-13 17:57:05,111 - SalaryLoaderBackend - INFO - Summe Funkgebühren 204,83 20%
2025-07-13 17:57:05,111 - SalaryLoaderBackend - INFO - Disagios:
2025-07-13 17:57:05,111 - SalaryLoaderBackend - INFO - Disagio AS-Kundenkarte (1,00 % von 21,00) 0,21 20%
2025-07-13 17:57:05,111 - SalaryLoaderBackend - INFO - Disagio APP Kreditkarte/Apple/Google (1,90 % von
2025-07-13 17:57:05,111 - SalaryLoaderBackend - INFO - 31,35) 0,60 20%
2025-07-13 17:57:05,112 - SalaryLoaderBackend - INFO - Disagio APP Servicegebühr (1,00 % von 31,35) 0,31 20%
2025-07-13 17:57:05,112 - SalaryLoaderBackend - INFO - Summe Disagios 1,12 20%
2025-07-13 17:57:05,112 - SalaryLoaderBackend - INFO - Gebühren:
2025-07-13 17:57:05,112 - SalaryLoaderBackend - INFO - Flughafenhinfahrten 27,28 20%
2025-07-13 17:57:05,112 - SalaryLoaderBackend - INFO - Verwaltungsgebühr MA (7,00 % von 17,40) 1,22 20%
2025-07-13 17:57:05,112 - SalaryLoaderBackend - INFO - Summe Gebü...
2025-07-13 17:57:05,112 - SalaryLoaderBackend - INFO - [DEBUG] Datum gefunden: 02.06.2025
2025-07-13 17:57:05,113 - SalaryLoaderBackend - INFO - [DEBUG] Rechnungsdatum 02.06.2025 -> Vormonat: 05_25
2025-07-13 17:57:05,113 - SalaryLoaderBackend - INFO - [DEBUG] Verwende Tabelle: 05_25
2025-07-13 17:57:05,113 - SalaryLoaderBackend - INFO - [DEBUG] Erkannt: 31300-Rechnungsformat
2025-07-13 17:57:05,113 - SalaryLoaderBackend - INFO - [DEBUG] 31300-Block: Kennung=132C, Netto=399,87, Brutto=479,83
2025-07-13 17:57:05,113 - SalaryLoaderBackend - INFO - [DEBUG] 31300-Block: Kennung=591B, Netto=546,94, Brutto=576,33
2025-07-13 17:57:05,113 - SalaryLoaderBackend - INFO - [DEBUG] Kein 'Gesamt Kennung' für Fahrzeug 2011 gefunden
2025-07-13 17:57:05,114 - SalaryLoaderBackend - INFO - [DEBUG] Kein 'Gesamt Kennung' für Fahrzeug 2114 gefunden
2025-07-13 17:57:05,114 - SalaryLoaderBackend - INFO - [DEBUG] [OK] Teil-Match: Kennung=132C -> Kennzeichen=W132CTX
2025-07-13 17:57:05,114 - SalaryLoaderBackend - INFO - [DEBUG] Block: Kennung=132C, Echter Kennzeichen=W132CTX, Referent=132C, Netto=399,87, Brutto=479,83
2025-07-13 17:57:05,114 - SalaryLoaderBackend - INFO - [DEBUG] [OK] Importiert: W132CTX (Kennung: 132C)
2025-07-13 17:57:05,115 - SalaryLoaderBackend - INFO - [DEBUG] [OK] Teil-Match: Kennung=591B -> Kennzeichen=W591BTX
2025-07-13 17:57:05,115 - SalaryLoaderBackend - INFO - [DEBUG] Block: Kennung=591B, Echter Kennzeichen=W591BTX, Referent=591B, Netto=546,94, Brutto=576,33
2025-07-13 17:57:05,115 - SalaryLoaderBackend - INFO - [DEBUG] [OK] Importiert: W591BTX (Kennung: 591B)
2025-07-13 17:57:05,115 - SalaryLoaderBackend - INFO - [OK] ARF/Funk verarbeitet und in Tabelle 05_25 gespeichert.
2025-07-13 17:59:46,435 - SalaryLoaderBackend - INFO - Starte Import: C:/Users/moahm/Downloads/rechnung.25003286.pdf
2025-07-13 17:59:59,490 - SalaryLoaderBackend - INFO - [DEBUG] Gesamter OCR-Text:
2025-07-13 17:59:59,490 - SalaryLoaderBackend - INFO - 1 TAXI
2025-07-13 17:59:59,491 - SalaryLoaderBackend - INFO - ... einfach angenehm.
2025-07-13 17:59:59,491 - SalaryLoaderBackend - INFO - EL KAPTIN KG
2025-07-13 17:59:59,491 - SalaryLoaderBackend - INFO - SCHUTTAUSTR. 1-39/11/4
2025-07-13 17:59:59,491 - SalaryLoaderBackend - INFO - 1220 WIEN
2025-07-13 17:59:59,491 - SalaryLoaderBackend - INFO - Rechnung-Nr. 25003286 Wien, 02.06.2025
2025-07-13 17:59:59,491 - SalaryLoaderBackend - INFO - Kunden-Nr. 2106413
2025-07-13 17:59:59,492 - SalaryLoaderBackend - INFO - UID: ATU73590223
2025-07-13 17:59:59,492 - SalaryLoaderBackend - INFO - netto USt
2025-07-13 17:59:59,492 - SalaryLoaderBackend - INFO - Pauschale Gebühren:
2025-07-13 17:59:59,492 - SalaryLoaderBackend - INFO - 3x Abrechnungspauschale 15,00 20%
2025-07-13 17:59:59,492 - SalaryLoaderBackend - INFO - 3x Monatsgebühr Flughafen 15,13 20%
2025-07-13 17:59:59,492 - SalaryLoaderBackend - INFO - 3x Gutschrift für die Einzugsermächtigung -49,71 20%
2025-07-13 17:59:59,492 - SalaryLoaderBackend - INFO - 1x Kleine Funkpauschale 232,00 20%
2025-07-13 17:59:59,493 - SalaryLoaderBackend - INFO - 2x Mini Funkpauschale 133,55 20%
2025-07-13 17:59:59,493 - SalaryLoaderBackend - INFO - 2x Lizenz driverAPP 20% 17,42 20%
2025-07-13 17:59:59,493 - SalaryLoaderBackend - INFO - 1x Abrechnungspauschale Reg-Kassa 11,00 20%
2025-07-13 17:59:59,493 - SalaryLoaderBackend - INFO - 3x Umweltbonus für papierfreie Abrechnung -32,42 20%
2025-07-13 17:59:59,493 - SalaryLoaderBackend - INFO - Summe Pauschale Gebühren 341,97 20%
2025-07-13 17:59:59,493 - SalaryLoaderBackend - INFO - Funkgebühren:
2025-07-13 17:59:59,494 - SalaryLoaderBackend - INFO - Impulse OhnePreis 125,16 20%
2025-07-13 17:59:59,494 - SalaryLoaderBackend - INFO - Impulse Flughafen 10,02 20%
2025-07-13 17:59:59,494 - SalaryLoaderBackend - INFO - Impulse Fixpreis 71,32 20%
2025-07-13 17:59:59,494 - SalaryLoaderBackend - INFO - Gutschrift APP Fahrt -1,67 20%
2025-07-13 17:59:59,494 - SalaryLoaderBackend - INFO - Summe Funkgebühren 204,83 20%
2025-07-13 17:59:59,494 - SalaryLoaderBackend - INFO - Disagios:
2025-07-13 17:59:59,494 - SalaryLoaderBackend - INFO - Disagio AS-Kundenkarte (1,00 % von 21,00) 0,21 20%
2025-07-13 17:59:59,495 - SalaryLoaderBackend - INFO - Disagio APP Kreditkarte/Apple/Google (1,90 % von
2025-07-13 17:59:59,495 - SalaryLoaderBackend - INFO - 31,35) 0,60 20%
2025-07-13 17:59:59,495 - SalaryLoaderBackend - INFO - Disagio APP Servicegebühr (1,00 % von 31,35) 0,31 20%
2025-07-13 17:59:59,495 - SalaryLoaderBackend - INFO - Summe Disagios 1,12 20%
2025-07-13 17:59:59,495 - SalaryLoaderBackend - INFO - Gebühren:
2025-07-13 17:59:59,495 - SalaryLoaderBackend - INFO - Flughafenhinfahrten 27,28 20%
2025-07-13 17:59:59,495 - SalaryLoaderBackend - INFO - Verwaltungsgebühr MA (7,00 % von 17,40) 1,22 20%
2025-07-13 17:59:59,496 - SalaryLoaderBackend - INFO - Summe Gebü...
2025-07-13 17:59:59,496 - SalaryLoaderBackend - INFO - [DEBUG] Datum gefunden: 02.06.2025
2025-07-13 17:59:59,496 - SalaryLoaderBackend - INFO - [DEBUG] Rechnungsdatum 02.06.2025 -> Vormonat: 05_25
2025-07-13 17:59:59,496 - SalaryLoaderBackend - INFO - [DEBUG] Verwende Tabelle: 05_25
2025-07-13 17:59:59,496 - SalaryLoaderBackend - INFO - [DEBUG] Erkannt: 31300-Rechnungsformat
2025-07-13 17:59:59,496 - SalaryLoaderBackend - INFO - [DEBUG] 31300-Block: Kennung=132C, Netto=399,87, Brutto=479,83
2025-07-13 17:59:59,497 - SalaryLoaderBackend - INFO - [DEBUG] 31300-Block: Kennung=591B, Netto=546,94, Brutto=576,33
2025-07-13 17:59:59,497 - SalaryLoaderBackend - INFO - [DEBUG] Kein 'Gesamt Kennung' für Fahrzeug 2011 gefunden
2025-07-13 17:59:59,497 - SalaryLoaderBackend - INFO - [DEBUG] Kein 'Gesamt Kennung' für Fahrzeug 2114 gefunden
2025-07-13 17:59:59,497 - SalaryLoaderBackend - INFO - [DEBUG] [OK] Teil-Match: Kennung=132C -> Kennzeichen=W132CTX
2025-07-13 17:59:59,497 - SalaryLoaderBackend - INFO - [DEBUG] Block: Kennung=132C, Echter Kennzeichen=W132CTX, Referent=132C, Netto=399,87, Brutto=479,83
2025-07-13 17:59:59,498 - SalaryLoaderBackend - INFO - [DEBUG] [OK] Importiert: W132CTX (Kennung: 132C)
2025-07-13 17:59:59,498 - SalaryLoaderBackend - INFO - [DEBUG] [OK] Teil-Match: Kennung=591B -> Kennzeichen=W591BTX
2025-07-13 17:59:59,498 - SalaryLoaderBackend - INFO - [DEBUG] Block: Kennung=591B, Echter Kennzeichen=W591BTX, Referent=591B, Netto=546,94, Brutto=576,33
2025-07-13 17:59:59,498 - SalaryLoaderBackend - INFO - [DEBUG] [OK] Importiert: W591BTX (Kennung: 591B)
2025-07-13 17:59:59,498 - SalaryLoaderBackend - INFO - [OK] ARF/Funk verarbeitet und in Tabelle 05_25 gespeichert.
2025-07-13 18:16:01,272 - SalaryLoaderBackend - INFO - Starte Import: C:/DEV/V3/rechnung.25003898.pdf
2025-07-13 18:16:15,607 - SalaryLoaderBackend - INFO - [DEBUG] Gesamter OCR-Text:
2025-07-13 18:16:15,608 - SalaryLoaderBackend - INFO - 1 TAXI
2025-07-13 18:16:15,608 - SalaryLoaderBackend - INFO - ... einfach angenehm.
2025-07-13 18:16:15,609 - SalaryLoaderBackend - INFO - EL KAPTIN KG
2025-07-13 18:16:15,609 - SalaryLoaderBackend - INFO - SCHUTTAUSTR. 1-39/11/4
2025-07-13 18:16:15,610 - SalaryLoaderBackend - INFO - 1220 WIEN
2025-07-13 18:16:15,610 - SalaryLoaderBackend - INFO - Rechnung-Nr. 25003898 Wien, 01.07.2025
2025-07-13 18:16:15,611 - SalaryLoaderBackend - INFO - Kunden-Nr. 2106413
2025-07-13 18:16:15,611 - SalaryLoaderBackend - INFO - UID: ATU73590223
2025-07-13 18:16:15,612 - SalaryLoaderBackend - INFO - netto USt
2025-07-13 18:16:15,613 - SalaryLoaderBackend - INFO - Pauschale Gebühren:
2025-07-13 18:16:15,614 - SalaryLoaderBackend - INFO - 1x Kleine Funkpauschale 232,00 20%
2025-07-13 18:16:15,615 - SalaryLoaderBackend - INFO - 2x Monatsgebühr Flughafen 14,00 20%
2025-07-13 18:16:15,616 - SalaryLoaderBackend - INFO - 2x Gutschrift für die Einzugsermächtigung -46,00 20%
2025-07-13 18:16:15,617 - SalaryLoaderBackend - INFO - 2 x Abrechnungspauschale 10,00 20%
2025-07-13 18:16:15,618 - SalaryLoaderBackend - INFO - 1x Mini Funkpauschale 115,00 20%
2025-07-13 18:16:15,619 - SalaryLoaderBackend - INFO - 1 x Lizenz driverAPP 20% 15,00 20%
2025-07-13 18:16:15,620 - SalaryLoaderBackend - INFO - 1x Abrechnungspauschale Reg-Kassa 11,00 20%
2025-07-13 18:16:15,621 - SalaryLoaderBackend - INFO - 2x Umweltbonus für papierfreie Abrechnung -30,00 20%
2025-07-13 18:16:15,622 - SalaryLoaderBackend - INFO - Summe Pauschale Gebühren 321,00 20%
2025-07-13 18:16:15,623 - SalaryLoaderBackend - INFO - Funkgebühren:
2025-07-13 18:16:15,624 - SalaryLoaderBackend - INFO - Impulse Flughafen 69,67 20%
2025-07-13 18:16:15,625 - SalaryLoaderBackend - INFO - Impulse Fixpreis 49,72 20%
2025-07-13 18:16:15,626 - SalaryLoaderBackend - INFO - Impulse OhnePreis 252,16 20%
2025-07-13 18:16:15,627 - SalaryLoaderBackend - INFO - Summe Funkgebühren 371,55 20%
2025-07-13 18:16:15,628 - SalaryLoaderBackend - INFO - Disagios:
2025-07-13 18:16:15,630 - SalaryLoaderBackend - INFO - Disagio AS-Kundenkarte (1,00 % von 45,00) 0,45 20%
2025-07-13 18:16:15,631 - SalaryLoaderBackend - INFO - Summe Disagios 0,45 20%
2025-07-13 18:16:15,632 - SalaryLoaderBackend - INFO - Gebühren:
2025-07-13 18:16:15,633 - SalaryLoaderBackend - INFO - Flughafenhinfahrten 73,74 20%
2025-07-13 18:16:15,634 - SalaryLoaderBackend - INFO - Verwaltungsgebühr MA (7,00 % von 49,40) 3,46 20%
2025-07-13 18:16:15,636 - SalaryLoaderBackend - INFO - Flughafenrückfahrten 49,56 20%
2025-07-13 18:16:15,637 - SalaryLoaderBackend - INFO - Summe Gebühren 126,76 20%
2025-07-13 18:16:15,638 - SalaryLoaderBackend - INFO - Kartenumsatz Kundenkarten:
2025-07-13 18:16:15,640 - SalaryLoaderBackend - INFO - 1x Umsatz Einmalkarten -41,00
2025-07-13 18:16:15,641 - SalaryLoaderBackend - INFO - 1x Umsatz AS-Kundenkarte -45,00
2025-07-13 18:16:15,643 - SalaryLoaderBackend - INFO - Summe Kunden...
2025-07-13 18:16:15,644 - SalaryLoaderBackend - INFO - [DEBUG] Datum gefunden: 01.07.2025
2025-07-13 18:16:15,646 - SalaryLoaderBackend - INFO - [DEBUG] Rechnungsdatum 01.07.2025 -> Vormonat: 06_25
2025-07-13 18:16:15,648 - SalaryLoaderBackend - INFO - [DEBUG] Verwende Tabelle: 06_25
2025-07-13 18:16:15,649 - SalaryLoaderBackend - INFO - [DEBUG] Erkannt: 31300-Rechnungsformat
2025-07-13 18:16:15,651 - SalaryLoaderBackend - INFO - [DEBUG] 31300-Block: Kennung=132C, Netto=292,15, Brutto=350,57
2025-07-13 18:16:15,653 - SalaryLoaderBackend - INFO - [DEBUG] 31300-Block: Kennung=591B, Netto=400,40, Brutto=480,48
2025-07-13 18:16:15,654 - SalaryLoaderBackend - INFO - [DEBUG] Kein 'Gesamt Kennung' für Fahrzeug 2011 gefunden
2025-07-13 18:16:15,656 - SalaryLoaderBackend - INFO - [DEBUG] Kein 'Gesamt Kennung' für Fahrzeug 2114 gefunden
2025-07-13 18:16:15,658 - SalaryLoaderBackend - INFO - [DEBUG] [OK] Teil-Match: Kennung=132C -> Kennzeichen=W132CTX
2025-07-13 18:16:15,660 - SalaryLoaderBackend - INFO - [DEBUG] Block: Kennung=132C, Echter Kennzeichen=W132CTX, Referent=132C, Netto=292,15, Brutto=350,57
2025-07-13 18:16:15,662 - SalaryLoaderBackend - INFO - [DEBUG] [OK] Importiert: W132CTX (Kennung: 132C)
2025-07-13 18:16:15,664 - SalaryLoaderBackend - INFO - [DEBUG] [OK] Teil-Match: Kennung=591B -> Kennzeichen=W591BTX
2025-07-13 18:16:15,666 - SalaryLoaderBackend - INFO - [DEBUG] Block: Kennung=591B, Echter Kennzeichen=W591BTX, Referent=591B, Netto=400,40, Brutto=480,48
2025-07-13 18:16:15,669 - SalaryLoaderBackend - INFO - [DEBUG] [OK] Importiert: W591BTX (Kennung: 591B)
2025-07-13 18:16:15,671 - SalaryLoaderBackend - INFO - [OK] ARF/Funk verarbeitet und in Tabelle 06_25 gespeichert.
2025-07-13 18:52:20,180 - SalaryLoaderBackend - INFO - Starte Import: C:/DEV/V3/rechnung.25003898.pdf
2025-07-13 18:52:35,363 - SalaryLoaderBackend - INFO - [DEBUG] Gesamter OCR-Text:
2025-07-13 18:52:35,364 - SalaryLoaderBackend - INFO - 1 TAXI
2025-07-13 18:52:35,365 - SalaryLoaderBackend - INFO - ... einfach angenehm.
2025-07-13 18:52:35,365 - SalaryLoaderBackend - INFO - EL KAPTIN KG
2025-07-13 18:52:35,366 - SalaryLoaderBackend - INFO - SCHUTTAUSTR. 1-39/11/4
2025-07-13 18:52:35,366 - SalaryLoaderBackend - INFO - 1220 WIEN
2025-07-13 18:52:35,367 - SalaryLoaderBackend - INFO - Rechnung-Nr. 25003898 Wien, 01.07.2025
2025-07-13 18:52:35,367 - SalaryLoaderBackend - INFO - Kunden-Nr. 2106413
2025-07-13 18:52:35,368 - SalaryLoaderBackend - INFO - UID: ATU73590223
2025-07-13 18:52:35,368 - SalaryLoaderBackend - INFO - netto USt
2025-07-13 18:52:35,369 - SalaryLoaderBackend - INFO - Pauschale Gebühren:
2025-07-13 18:52:35,370 - SalaryLoaderBackend - INFO - 1x Kleine Funkpauschale 232,00 20%
2025-07-13 18:52:35,371 - SalaryLoaderBackend - INFO - 2x Monatsgebühr Flughafen 14,00 20%
2025-07-13 18:52:35,372 - SalaryLoaderBackend - INFO - 2x Gutschrift für die Einzugsermächtigung -46,00 20%
2025-07-13 18:52:35,373 - SalaryLoaderBackend - INFO - 2 x Abrechnungspauschale 10,00 20%
2025-07-13 18:52:35,374 - SalaryLoaderBackend - INFO - 1x Mini Funkpauschale 115,00 20%
2025-07-13 18:52:35,375 - SalaryLoaderBackend - INFO - 1 x Lizenz driverAPP 20% 15,00 20%
2025-07-13 18:52:35,376 - SalaryLoaderBackend - INFO - 1x Abrechnungspauschale Reg-Kassa 11,00 20%
2025-07-13 18:52:35,377 - SalaryLoaderBackend - INFO - 2x Umweltbonus für papierfreie Abrechnung -30,00 20%
2025-07-13 18:52:35,378 - SalaryLoaderBackend - INFO - Summe Pauschale Gebühren 321,00 20%
2025-07-13 18:52:35,379 - SalaryLoaderBackend - INFO - Funkgebühren:
2025-07-13 18:52:35,380 - SalaryLoaderBackend - INFO - Impulse Flughafen 69,67 20%
2025-07-13 18:52:35,381 - SalaryLoaderBackend - INFO - Impulse Fixpreis 49,72 20%
2025-07-13 18:52:35,383 - SalaryLoaderBackend - INFO - Impulse OhnePreis 252,16 20%
2025-07-13 18:52:35,384 - SalaryLoaderBackend - INFO - Summe Funkgebühren 371,55 20%
2025-07-13 18:52:35,385 - SalaryLoaderBackend - INFO - Disagios:
2025-07-13 18:52:35,386 - SalaryLoaderBackend - INFO - Disagio AS-Kundenkarte (1,00 % von 45,00) 0,45 20%
2025-07-13 18:52:35,387 - SalaryLoaderBackend - INFO - Summe Disagios 0,45 20%
2025-07-13 18:52:35,388 - SalaryLoaderBackend - INFO - Gebühren:
2025-07-13 18:52:35,390 - SalaryLoaderBackend - INFO - Flughafenhinfahrten 73,74 20%
2025-07-13 18:52:35,391 - SalaryLoaderBackend - INFO - Verwaltungsgebühr MA (7,00 % von 49,40) 3,46 20%
2025-07-13 18:52:35,392 - SalaryLoaderBackend - INFO - Flughafenrückfahrten 49,56 20%
2025-07-13 18:52:35,393 - SalaryLoaderBackend - INFO - Summe Gebühren 126,76 20%
2025-07-13 18:52:35,395 - SalaryLoaderBackend - INFO - Kartenumsatz Kundenkarten:
2025-07-13 18:52:35,396 - SalaryLoaderBackend - INFO - 1x Umsatz Einmalkarten -41,00
2025-07-13 18:52:35,397 - SalaryLoaderBackend - INFO - 1x Umsatz AS-Kundenkarte -45,00
2025-07-13 18:52:35,399 - SalaryLoaderBackend - INFO - Summe Kunden...
2025-07-13 18:52:35,401 - SalaryLoaderBackend - INFO - [DEBUG] Datum gefunden: 01.07.2025
2025-07-13 18:52:35,403 - SalaryLoaderBackend - INFO - [DEBUG] Rechnungsdatum 01.07.2025 -> Vormonat: 06_25
2025-07-13 18:52:35,405 - SalaryLoaderBackend - INFO - [DEBUG] Verwende Tabelle: 06_25
2025-07-13 18:52:35,406 - SalaryLoaderBackend - INFO - [DEBUG] Erkannt: 31300-Rechnungsformat
2025-07-13 18:52:35,408 - SalaryLoaderBackend - INFO - [DEBUG] 31300-Block: Kennung=132C, Netto=292,15, Brutto=350,57
2025-07-13 18:52:35,409 - SalaryLoaderBackend - INFO - [DEBUG] 31300-Block: Kennung=591B, Netto=400,40, Brutto=480,48
2025-07-13 18:52:35,411 - SalaryLoaderBackend - INFO - [DEBUG] Kein 'Gesamt Kennung' für Fahrzeug 2011 gefunden
2025-07-13 18:52:35,413 - SalaryLoaderBackend - INFO - [DEBUG] Kein 'Gesamt Kennung' für Fahrzeug 2114 gefunden
2025-07-13 18:52:35,415 - SalaryLoaderBackend - INFO - [DEBUG] [OK] Teil-Match: Kennung=132C -> Kennzeichen=W132CTX
2025-07-13 18:52:35,417 - SalaryLoaderBackend - INFO - [DEBUG] Block: Kennung=132C, Echter Kennzeichen=W132CTX, Referent=132C, Netto=292,15, Brutto=350,57
2025-07-13 18:52:35,419 - SalaryLoaderBackend - INFO - [DEBUG] [OK] Importiert: W132CTX (Kennung: 132C)
2025-07-13 18:52:35,421 - SalaryLoaderBackend - INFO - [DEBUG] [OK] Teil-Match: Kennung=591B -> Kennzeichen=W591BTX
2025-07-13 18:52:35,424 - SalaryLoaderBackend - INFO - [DEBUG] Block: Kennung=591B, Echter Kennzeichen=W591BTX, Referent=591B, Netto=400,40, Brutto=480,48
2025-07-13 18:52:35,426 - SalaryLoaderBackend - INFO - [DEBUG] [OK] Importiert: W591BTX (Kennung: 591B)
2025-07-13 18:52:35,428 - SalaryLoaderBackend - INFO - [OK] ARF/Funk verarbeitet und in Tabelle 06_25 gespeichert.
2025-07-13 21:16:17,650 - SalaryLoaderBackend - INFO - Starte Import: C:/DEV/V3/rechnung.25003898.pdf
2025-07-13 21:16:32,171 - SalaryLoaderBackend - INFO - [DEBUG] Gesamter OCR-Text:
2025-07-13 21:16:32,171 - SalaryLoaderBackend - INFO - 1 TAXI
2025-07-13 21:16:32,172 - SalaryLoaderBackend - INFO - ... einfach angenehm.
2025-07-13 21:16:32,172 - SalaryLoaderBackend - INFO - EL KAPTIN KG
2025-07-13 21:16:32,173 - SalaryLoaderBackend - INFO - SCHUTTAUSTR. 1-39/11/4
2025-07-13 21:16:32,174 - SalaryLoaderBackend - INFO - 1220 WIEN
2025-07-13 21:16:32,174 - SalaryLoaderBackend - INFO - Rechnung-Nr. 25003898 Wien, 01.07.2025
2025-07-13 21:16:32,175 - SalaryLoaderBackend - INFO - Kunden-Nr. 2106413
2025-07-13 21:16:32,175 - SalaryLoaderBackend - INFO - UID: ATU73590223
2025-07-13 21:16:32,176 - SalaryLoaderBackend - INFO - netto USt
2025-07-13 21:16:32,176 - SalaryLoaderBackend - INFO - Pauschale Gebühren:
2025-07-13 21:16:32,178 - SalaryLoaderBackend - INFO - 1x Kleine Funkpauschale 232,00 20%
2025-07-13 21:16:32,178 - SalaryLoaderBackend - INFO - 2x Monatsgebühr Flughafen 14,00 20%
2025-07-13 21:16:32,179 - SalaryLoaderBackend - INFO - 2x Gutschrift für die Einzugsermächtigung -46,00 20%
2025-07-13 21:16:32,180 - SalaryLoaderBackend - INFO - 2 x Abrechnungspauschale 10,00 20%
2025-07-13 21:16:32,181 - SalaryLoaderBackend - INFO - 1x Mini Funkpauschale 115,00 20%
2025-07-13 21:16:32,182 - SalaryLoaderBackend - INFO - 1 x Lizenz driverAPP 20% 15,00 20%
2025-07-13 21:16:32,183 - SalaryLoaderBackend - INFO - 1x Abrechnungspauschale Reg-Kassa 11,00 20%
2025-07-13 21:16:32,184 - SalaryLoaderBackend - INFO - 2x Umweltbonus für papierfreie Abrechnung -30,00 20%
2025-07-13 21:16:32,185 - SalaryLoaderBackend - INFO - Summe Pauschale Gebühren 321,00 20%
2025-07-13 21:16:32,186 - SalaryLoaderBackend - INFO - Funkgebühren:
2025-07-13 21:16:32,187 - SalaryLoaderBackend - INFO - Impulse Flughafen 69,67 20%
2025-07-13 21:16:32,189 - SalaryLoaderBackend - INFO - Impulse Fixpreis 49,72 20%
2025-07-13 21:16:32,190 - SalaryLoaderBackend - INFO - Impulse OhnePreis 252,16 20%
2025-07-13 21:16:32,191 - SalaryLoaderBackend - INFO - Summe Funkgebühren 371,55 20%
2025-07-13 21:16:32,192 - SalaryLoaderBackend - INFO - Disagios:
2025-07-13 21:16:32,193 - SalaryLoaderBackend - INFO - Disagio AS-Kundenkarte (1,00 % von 45,00) 0,45 20%
2025-07-13 21:16:32,194 - SalaryLoaderBackend - INFO - Summe Disagios 0,45 20%
2025-07-13 21:16:32,195 - SalaryLoaderBackend - INFO - Gebühren:
2025-07-13 21:16:32,197 - SalaryLoaderBackend - INFO - Flughafenhinfahrten 73,74 20%
2025-07-13 21:16:32,198 - SalaryLoaderBackend - INFO - Verwaltungsgebühr MA (7,00 % von 49,40) 3,46 20%
2025-07-13 21:16:32,199 - SalaryLoaderBackend - INFO - Flughafenrückfahrten 49,56 20%
2025-07-13 21:16:32,200 - SalaryLoaderBackend - INFO - Summe Gebühren 126,76 20%
2025-07-13 21:16:32,202 - SalaryLoaderBackend - INFO - Kartenumsatz Kundenkarten:
2025-07-13 21:16:32,203 - SalaryLoaderBackend - INFO - 1x Umsatz Einmalkarten -41,00
2025-07-13 21:16:32,204 - SalaryLoaderBackend - INFO - 1x Umsatz AS-Kundenkarte -45,00
2025-07-13 21:16:32,205 - SalaryLoaderBackend - INFO - Summe Kunden...
2025-07-13 21:16:32,207 - SalaryLoaderBackend - INFO - [DEBUG] Datum gefunden: 01.07.2025
2025-07-13 21:16:32,210 - SalaryLoaderBackend - INFO - [DEBUG] Rechnungsdatum 01.07.2025 -> Vormonat: 06_25
2025-07-13 21:16:32,211 - SalaryLoaderBackend - INFO - [DEBUG] Verwende Tabelle: 06_25
2025-07-13 21:16:32,213 - SalaryLoaderBackend - INFO - [DEBUG] Erkannt: 31300-Rechnungsformat
2025-07-13 21:16:32,215 - SalaryLoaderBackend - INFO - [DEBUG] 31300-Block: Kennung=132C, Netto=292,15, Brutto=350,57
2025-07-13 21:16:32,216 - SalaryLoaderBackend - INFO - [DEBUG] 31300-Block: Kennung=591B, Netto=400,40, Brutto=480,48
2025-07-13 21:16:32,218 - SalaryLoaderBackend - INFO - [DEBUG] Kein 'Gesamt Kennung' für Fahrzeug 2011 gefunden
2025-07-13 21:16:32,220 - SalaryLoaderBackend - INFO - [DEBUG] Kein 'Gesamt Kennung' für Fahrzeug 2114 gefunden
2025-07-13 21:16:32,221 - SalaryLoaderBackend - INFO - [DEBUG] [OK] Teil-Match: Kennung=132C -> Kennzeichen=W132CTX
2025-07-13 21:16:32,223 - SalaryLoaderBackend - INFO - [DEBUG] Block: Kennung=132C, Echter Kennzeichen=W132CTX, Referent=132C, Netto=292,15, Brutto=350,57
2025-07-13 21:16:32,226 - SalaryLoaderBackend - INFO - [DEBUG] [OK] Importiert: W132CTX (Kennung: 132C)
2025-07-13 21:16:32,228 - SalaryLoaderBackend - INFO - [DEBUG] [OK] Teil-Match: Kennung=591B -> Kennzeichen=W591BTX
2025-07-13 21:16:32,230 - SalaryLoaderBackend - INFO - [DEBUG] Block: Kennung=591B, Echter Kennzeichen=W591BTX, Referent=591B, Netto=400,40, Brutto=480,48
2025-07-13 21:16:32,232 - SalaryLoaderBackend - INFO - [DEBUG] [OK] Importiert: W591BTX (Kennung: 591B)
2025-07-13 21:16:32,234 - SalaryLoaderBackend - INFO - [OK] ARF/Funk verarbeitet und in Tabelle 06_25 gespeichert.
2025-07-13 21:20:30,750 - SalaryLoaderBackend - INFO - Starte Import: C:/DEV/V3/rechnung.25003898.pdf
2025-07-13 21:20:45,150 - SalaryLoaderBackend - INFO - [DEBUG] Gesamter OCR-Text:
2025-07-13 21:20:45,151 - SalaryLoaderBackend - INFO - 1 TAXI
2025-07-13 21:20:45,151 - SalaryLoaderBackend - INFO - ... einfach angenehm.
2025-07-13 21:20:45,152 - SalaryLoaderBackend - INFO - EL KAPTIN KG
2025-07-13 21:20:45,152 - SalaryLoaderBackend - INFO - SCHUTTAUSTR. 1-39/11/4
2025-07-13 21:20:45,153 - SalaryLoaderBackend - INFO - 1220 WIEN
2025-07-13 21:20:45,154 - SalaryLoaderBackend - INFO - Rechnung-Nr. 25003898 Wien, 01.07.2025
2025-07-13 21:20:45,154 - SalaryLoaderBackend - INFO - Kunden-Nr. 2106413
2025-07-13 21:20:45,155 - SalaryLoaderBackend - INFO - UID: ATU73590223
2025-07-13 21:20:45,156 - SalaryLoaderBackend - INFO - netto USt
2025-07-13 21:20:45,157 - SalaryLoaderBackend - INFO - Pauschale Gebühren:
2025-07-13 21:20:45,158 - SalaryLoaderBackend - INFO - 1x Kleine Funkpauschale 232,00 20%
2025-07-13 21:20:45,159 - SalaryLoaderBackend - INFO - 2x Monatsgebühr Flughafen 14,00 20%
2025-07-13 21:20:45,160 - SalaryLoaderBackend - INFO - 2x Gutschrift für die Einzugsermächtigung -46,00 20%
2025-07-13 21:20:45,161 - SalaryLoaderBackend - INFO - 2 x Abrechnungspauschale 10,00 20%
2025-07-13 21:20:45,162 - SalaryLoaderBackend - INFO - 1x Mini Funkpauschale 115,00 20%
2025-07-13 21:20:45,163 - SalaryLoaderBackend - INFO - 1 x Lizenz driverAPP 20% 15,00 20%
2025-07-13 21:20:45,164 - SalaryLoaderBackend - INFO - 1x Abrechnungspauschale Reg-Kassa 11,00 20%
2025-07-13 21:20:45,165 - SalaryLoaderBackend - INFO - 2x Umweltbonus für papierfreie Abrechnung -30,00 20%
2025-07-13 21:20:45,166 - SalaryLoaderBackend - INFO - Summe Pauschale Gebühren 321,00 20%
2025-07-13 21:20:45,167 - SalaryLoaderBackend - INFO - Funkgebühren:
2025-07-13 21:20:45,169 - SalaryLoaderBackend - INFO - Impulse Flughafen 69,67 20%
2025-07-13 21:20:45,170 - SalaryLoaderBackend - INFO - Impulse Fixpreis 49,72 20%
2025-07-13 21:20:45,171 - SalaryLoaderBackend - INFO - Impulse OhnePreis 252,16 20%
2025-07-13 21:20:45,172 - SalaryLoaderBackend - INFO - Summe Funkgebühren 371,55 20%
2025-07-13 21:20:45,173 - SalaryLoaderBackend - INFO - Disagios:
2025-07-13 21:20:45,175 - SalaryLoaderBackend - INFO - Disagio AS-Kundenkarte (1,00 % von 45,00) 0,45 20%
2025-07-13 21:20:45,176 - SalaryLoaderBackend - INFO - Summe Disagios 0,45 20%
2025-07-13 21:20:45,177 - SalaryLoaderBackend - INFO - Gebühren:
2025-07-13 21:20:45,179 - SalaryLoaderBackend - INFO - Flughafenhinfahrten 73,74 20%
2025-07-13 21:20:45,180 - SalaryLoaderBackend - INFO - Verwaltungsgebühr MA (7,00 % von 49,40) 3,46 20%
2025-07-13 21:20:45,182 - SalaryLoaderBackend - INFO - Flughafenrückfahrten 49,56 20%
2025-07-13 21:20:45,183 - SalaryLoaderBackend - INFO - Summe Gebühren 126,76 20%
2025-07-13 21:20:45,184 - SalaryLoaderBackend - INFO - Kartenumsatz Kundenkarten:
2025-07-13 21:20:45,186 - SalaryLoaderBackend - INFO - 1x Umsatz Einmalkarten -41,00
2025-07-13 21:20:45,187 - SalaryLoaderBackend - INFO - 1x Umsatz AS-Kundenkarte -45,00
2025-07-13 21:20:45,189 - SalaryLoaderBackend - INFO - Summe Kunden...
2025-07-13 21:20:45,190 - SalaryLoaderBackend - INFO - [DEBUG] Datum gefunden: 01.07.2025
2025-07-13 21:20:45,192 - SalaryLoaderBackend - INFO - [DEBUG] Rechnungsdatum 01.07.2025 -> Vormonat: 06_25
2025-07-13 21:20:45,194 - SalaryLoaderBackend - INFO - [DEBUG] Verwende Tabelle: 06_25
2025-07-13 21:20:45,195 - SalaryLoaderBackend - INFO - [DEBUG] Erkannt: 31300-Rechnungsformat
2025-07-13 21:20:45,198 - SalaryLoaderBackend - INFO - [DEBUG] 31300-Block: Kennung=132C, Netto=292,15, Brutto=350,57
2025-07-13 21:20:45,200 - SalaryLoaderBackend - INFO - [DEBUG] 31300-Block: Kennung=591B, Netto=400,40, Brutto=480,48
2025-07-13 21:20:45,202 - SalaryLoaderBackend - INFO - [DEBUG] Kein 'Gesamt Kennung' für Fahrzeug 2011 gefunden
2025-07-13 21:20:45,204 - SalaryLoaderBackend - INFO - [DEBUG] Kein 'Gesamt Kennung' für Fahrzeug 2114 gefunden
2025-07-13 21:20:45,206 - SalaryLoaderBackend - INFO - [DEBUG] [OK] Teil-Match: Kennung=132C -> Kennzeichen=W132CTX
2025-07-13 21:20:45,208 - SalaryLoaderBackend - INFO - [DEBUG] Block: Kennung=132C, Echter Kennzeichen=W132CTX, Referent=132C, Netto=292,15, Brutto=350,57
2025-07-13 21:20:45,210 - SalaryLoaderBackend - INFO - [DEBUG] [OK] Importiert: W132CTX (Kennung: 132C)
2025-07-13 21:20:45,212 - SalaryLoaderBackend - INFO - [DEBUG] [OK] Teil-Match: Kennung=591B -> Kennzeichen=W591BTX
2025-07-13 21:20:45,214 - SalaryLoaderBackend - INFO - [DEBUG] Block: Kennung=591B, Echter Kennzeichen=W591BTX, Referent=591B, Netto=400,40, Brutto=480,48
2025-07-13 21:20:45,216 - SalaryLoaderBackend - INFO - [DEBUG] [OK] Importiert: W591BTX (Kennung: 591B)
2025-07-13 21:20:45,218 - SalaryLoaderBackend - INFO - [OK] ARF/Funk verarbeitet und in Tabelle 06_25 gespeichert.
2025-07-13 21:26:40,454 - SalaryLoaderBackend - INFO - Starte Import: C:/DEV/V3/rechnung.25003898.pdf
2025-07-13 21:26:54,892 - SalaryLoaderBackend - INFO - [DEBUG] Gesamter OCR-Text:
2025-07-13 21:26:54,893 - SalaryLoaderBackend - INFO - 1 TAXI
2025-07-13 21:26:54,893 - SalaryLoaderBackend - INFO - ... einfach angenehm.
2025-07-13 21:26:54,893 - SalaryLoaderBackend - INFO - EL KAPTIN KG
2025-07-13 21:26:54,893 - SalaryLoaderBackend - INFO - SCHUTTAUSTR. 1-39/11/4
2025-07-13 21:26:54,894 - SalaryLoaderBackend - INFO - 1220 WIEN
2025-07-13 21:26:54,894 - SalaryLoaderBackend - INFO - Rechnung-Nr. 25003898 Wien, 01.07.2025
2025-07-13 21:26:54,894 - SalaryLoaderBackend - INFO - Kunden-Nr. 2106413
2025-07-13 21:26:54,895 - SalaryLoaderBackend - INFO - UID: ATU73590223
2025-07-13 21:26:54,895 - SalaryLoaderBackend - INFO - netto USt
2025-07-13 21:26:54,896 - SalaryLoaderBackend - INFO - Pauschale Gebühren:
2025-07-13 21:26:54,896 - SalaryLoaderBackend - INFO - 1x Kleine Funkpauschale 232,00 20%
2025-07-13 21:26:54,897 - SalaryLoaderBackend - INFO - 2x Monatsgebühr Flughafen 14,00 20%
2025-07-13 21:26:54,898 - SalaryLoaderBackend - INFO - 2x Gutschrift für die Einzugsermächtigung -46,00 20%
2025-07-13 21:26:54,898 - SalaryLoaderBackend - INFO - 2 x Abrechnungspauschale 10,00 20%
2025-07-13 21:26:54,899 - SalaryLoaderBackend - INFO - 1x Mini Funkpauschale 115,00 20%
2025-07-13 21:26:54,899 - SalaryLoaderBackend - INFO - 1 x Lizenz driverAPP 20% 15,00 20%
2025-07-13 21:26:54,900 - SalaryLoaderBackend - INFO - 1x Abrechnungspauschale Reg-Kassa 11,00 20%
2025-07-13 21:26:54,901 - SalaryLoaderBackend - INFO - 2x Umweltbonus für papierfreie Abrechnung -30,00 20%
2025-07-13 21:26:54,901 - SalaryLoaderBackend - INFO - Summe Pauschale Gebühren 321,00 20%
2025-07-13 21:26:54,902 - SalaryLoaderBackend - INFO - Funkgebühren:
2025-07-13 21:26:54,903 - SalaryLoaderBackend - INFO - Impulse Flughafen 69,67 20%
2025-07-13 21:26:54,904 - SalaryLoaderBackend - INFO - Impulse Fixpreis 49,72 20%
2025-07-13 21:26:54,904 - SalaryLoaderBackend - INFO - Impulse OhnePreis 252,16 20%
2025-07-13 21:26:54,905 - SalaryLoaderBackend - INFO - Summe Funkgebühren 371,55 20%
2025-07-13 21:26:54,906 - SalaryLoaderBackend - INFO - Disagios:
2025-07-13 21:26:54,907 - SalaryLoaderBackend - INFO - Disagio AS-Kundenkarte (1,00 % von 45,00) 0,45 20%
2025-07-13 21:26:54,907 - SalaryLoaderBackend - INFO - Summe Disagios 0,45 20%
2025-07-13 21:26:54,908 - SalaryLoaderBackend - INFO - Gebühren:
2025-07-13 21:26:54,909 - SalaryLoaderBackend - INFO - Flughafenhinfahrten 73,74 20%
2025-07-13 21:26:54,910 - SalaryLoaderBackend - INFO - Verwaltungsgebühr MA (7,00 % von 49,40) 3,46 20%
2025-07-13 21:26:54,911 - SalaryLoaderBackend - INFO - Flughafenrückfahrten 49,56 20%
2025-07-13 21:26:54,912 - SalaryLoaderBackend - INFO - Summe Gebühren 126,76 20%
2025-07-13 21:26:54,913 - SalaryLoaderBackend - INFO - Kartenumsatz Kundenkarten:
2025-07-13 21:26:54,914 - SalaryLoaderBackend - INFO - 1x Umsatz Einmalkarten -41,00
2025-07-13 21:26:54,914 - SalaryLoaderBackend - INFO - 1x Umsatz AS-Kundenkarte -45,00
2025-07-13 21:26:54,915 - SalaryLoaderBackend - INFO - Summe Kunden...
2025-07-13 21:26:54,916 - SalaryLoaderBackend - INFO - [DEBUG] Datum gefunden: 01.07.2025
2025-07-13 21:26:54,917 - SalaryLoaderBackend - INFO - [DEBUG] Rechnungsdatum 01.07.2025 -> Vormonat: 06_25
2025-07-13 21:26:54,918 - SalaryLoaderBackend - INFO - [DEBUG] Verwende Tabelle: 06_25
2025-07-13 21:26:54,919 - SalaryLoaderBackend - INFO - [DEBUG] Erkannt: 31300-Rechnungsformat
2025-07-13 21:26:54,920 - SalaryLoaderBackend - INFO - [DEBUG] 31300-Block: Kennung=132C, Netto=292,15, Brutto=350,57
2025-07-13 21:26:54,922 - SalaryLoaderBackend - INFO - [DEBUG] 31300-Block: Kennung=591B, Netto=400,40, Brutto=480,48
2025-07-13 21:26:54,923 - SalaryLoaderBackend - INFO - [DEBUG] Kein 'Gesamt Kennung' für Fahrzeug 2011 gefunden
2025-07-13 21:26:54,924 - SalaryLoaderBackend - INFO - [DEBUG] Kein 'Gesamt Kennung' für Fahrzeug 2114 gefunden
2025-07-13 21:26:54,925 - SalaryLoaderBackend - INFO - [DEBUG] [OK] Teil-Match: Kennung=132C -> Kennzeichen=W132CTX
2025-07-13 21:26:54,926 - SalaryLoaderBackend - INFO - [DEBUG] Block: Kennung=132C, Echter Kennzeichen=W132CTX, Referent=132C, Netto=292,15, Brutto=350,57
2025-07-13 21:26:54,927 - SalaryLoaderBackend - INFO - [DEBUG] [OK] Importiert: W132CTX (Kennung: 132C)
2025-07-13 21:26:54,928 - SalaryLoaderBackend - INFO - [DEBUG] [OK] Teil-Match: Kennung=591B -> Kennzeichen=W591BTX
2025-07-13 21:26:54,930 - SalaryLoaderBackend - INFO - [DEBUG] Block: Kennung=591B, Echter Kennzeichen=W591BTX, Referent=591B, Netto=400,40, Brutto=480,48
2025-07-13 21:26:54,931 - SalaryLoaderBackend - INFO - [DEBUG] [OK] Importiert: W591BTX (Kennung: 591B)
2025-07-13 21:26:54,933 - SalaryLoaderBackend - INFO - [OK] ARF/Funk verarbeitet und in Tabelle 06_25 gespeichert.
2025-07-13 21:40:35,341 - SalaryLoaderBackend - INFO - Starte Import: C:/DEV/V3/rechnung.25003898.pdf
2025-07-13 21:40:49,866 - SalaryLoaderBackend - INFO - [DEBUG] Gesamter OCR-Text:
2025-07-13 21:40:49,867 - SalaryLoaderBackend - INFO - 1 TAXI
2025-07-13 21:40:49,867 - SalaryLoaderBackend - INFO - ... einfach angenehm.
2025-07-13 21:40:49,867 - SalaryLoaderBackend - INFO - EL KAPTIN KG
2025-07-13 21:40:49,868 - SalaryLoaderBackend - INFO - SCHUTTAUSTR. 1-39/11/4
2025-07-13 21:40:49,868 - SalaryLoaderBackend - INFO - 1220 WIEN
2025-07-13 21:40:49,868 - SalaryLoaderBackend - INFO - Rechnung-Nr. 25003898 Wien, 01.07.2025
2025-07-13 21:40:49,868 - SalaryLoaderBackend - INFO - Kunden-Nr. 2106413
2025-07-13 21:40:49,869 - SalaryLoaderBackend - INFO - UID: ATU73590223
2025-07-13 21:40:49,869 - SalaryLoaderBackend - INFO - netto USt
2025-07-13 21:40:49,870 - SalaryLoaderBackend - INFO - Pauschale Gebühren:
2025-07-13 21:40:49,870 - SalaryLoaderBackend - INFO - 1x Kleine Funkpauschale 232,00 20%
2025-07-13 21:40:49,871 - SalaryLoaderBackend - INFO - 2x Monatsgebühr Flughafen 14,00 20%
2025-07-13 21:40:49,872 - SalaryLoaderBackend - INFO - 2x Gutschrift für die Einzugsermächtigung -46,00 20%
2025-07-13 21:40:49,872 - SalaryLoaderBackend - INFO - 2 x Abrechnungspauschale 10,00 20%
2025-07-13 21:40:49,873 - SalaryLoaderBackend - INFO - 1x Mini Funkpauschale 115,00 20%
2025-07-13 21:40:49,874 - SalaryLoaderBackend - INFO - 1 x Lizenz driverAPP 20% 15,00 20%
2025-07-13 21:40:49,874 - SalaryLoaderBackend - INFO - 1x Abrechnungspauschale Reg-Kassa 11,00 20%
2025-07-13 21:40:49,875 - SalaryLoaderBackend - INFO - 2x Umweltbonus für papierfreie Abrechnung -30,00 20%
2025-07-13 21:40:49,875 - SalaryLoaderBackend - INFO - Summe Pauschale Gebühren 321,00 20%
2025-07-13 21:40:49,876 - SalaryLoaderBackend - INFO - Funkgebühren:
2025-07-13 21:40:49,877 - SalaryLoaderBackend - INFO - Impulse Flughafen 69,67 20%
2025-07-13 21:40:49,877 - SalaryLoaderBackend - INFO - Impulse Fixpreis 49,72 20%
2025-07-13 21:40:49,878 - SalaryLoaderBackend - INFO - Impulse OhnePreis 252,16 20%
2025-07-13 21:40:49,879 - SalaryLoaderBackend - INFO - Summe Funkgebühren 371,55 20%
2025-07-13 21:40:49,880 - SalaryLoaderBackend - INFO - Disagios:
2025-07-13 21:40:49,881 - SalaryLoaderBackend - INFO - Disagio AS-Kundenkarte (1,00 % von 45,00) 0,45 20%
2025-07-13 21:40:49,882 - SalaryLoaderBackend - INFO - Summe Disagios 0,45 20%
2025-07-13 21:40:49,883 - SalaryLoaderBackend - INFO - Gebühren:
2025-07-13 21:40:49,884 - SalaryLoaderBackend - INFO - Flughafenhinfahrten 73,74 20%
2025-07-13 21:40:49,884 - SalaryLoaderBackend - INFO - Verwaltungsgebühr MA (7,00 % von 49,40) 3,46 20%
2025-07-13 21:40:49,886 - SalaryLoaderBackend - INFO - Flughafenrückfahrten 49,56 20%
2025-07-13 21:40:49,887 - SalaryLoaderBackend - INFO - Summe Gebühren 126,76 20%
2025-07-13 21:40:49,887 - SalaryLoaderBackend - INFO - Kartenumsatz Kundenkarten:
2025-07-13 21:40:49,888 - SalaryLoaderBackend - INFO - 1x Umsatz Einmalkarten -41,00
2025-07-13 21:40:49,889 - SalaryLoaderBackend - INFO - 1x Umsatz AS-Kundenkarte -45,00
2025-07-13 21:40:49,890 - SalaryLoaderBackend - INFO - Summe Kunden...
2025-07-13 21:40:49,891 - SalaryLoaderBackend - INFO - [DEBUG] Datum gefunden: 01.07.2025
2025-07-13 21:40:49,891 - SalaryLoaderBackend - INFO - [DEBUG] Rechnungsdatum 01.07.2025 -> Vormonat: 06_25
2025-07-13 21:40:49,892 - SalaryLoaderBackend - INFO - [DEBUG] Verwende Tabelle: 06_25
2025-07-13 21:40:49,893 - SalaryLoaderBackend - INFO - [DEBUG] Erkannt: 31300-Rechnungsformat
2025-07-13 21:40:49,894 - SalaryLoaderBackend - INFO - [DEBUG] 31300-Block: Kennung=132C, Netto=292,15, Brutto=350,57
2025-07-13 21:40:49,896 - SalaryLoaderBackend - INFO - [DEBUG] 31300-Block: Kennung=591B, Netto=400,40, Brutto=480,48
2025-07-13 21:40:49,897 - SalaryLoaderBackend - INFO - [DEBUG] Kein 'Gesamt Kennung' für Fahrzeug 2011 gefunden
2025-07-13 21:40:49,898 - SalaryLoaderBackend - INFO - [DEBUG] Kein 'Gesamt Kennung' für Fahrzeug 2114 gefunden
2025-07-13 21:40:49,899 - SalaryLoaderBackend - INFO - [DEBUG] [OK] Teil-Match: Kennung=132C -> Kennzeichen=W132CTX
2025-07-13 21:40:49,901 - SalaryLoaderBackend - INFO - [DEBUG] Block: Kennung=132C, Echter Kennzeichen=W132CTX, Referent=132C, Netto=292,15, Brutto=350,57
2025-07-13 21:40:49,902 - SalaryLoaderBackend - INFO - [DEBUG] [OK] Importiert: W132CTX (Kennung: 132C)
2025-07-13 21:40:49,903 - SalaryLoaderBackend - INFO - [DEBUG] [OK] Teil-Match: Kennung=591B -> Kennzeichen=W591BTX
2025-07-13 21:40:49,905 - SalaryLoaderBackend - INFO - [DEBUG] Block: Kennung=591B, Echter Kennzeichen=W591BTX, Referent=591B, Netto=400,40, Brutto=480,48
2025-07-13 21:40:49,906 - SalaryLoaderBackend - INFO - [DEBUG] [OK] Importiert: W591BTX (Kennung: 591B)
2025-07-13 21:40:49,907 - SalaryLoaderBackend - INFO - [OK] ARF/Funk verarbeitet und in Tabelle 06_25 gespeichert.
2025-07-13 21:40:49,931 - SalaryLoaderBackend - INFO - [OK] rechnung.25003898.pdf erfolgreich importiert
2025-07-13 21:46:28,721 - SalaryLoaderBackend - INFO - Starte Import: C:/DEV/V3/rechnung.25003898.pdf
2025-07-13 21:46:43,386 - SalaryLoaderBackend - INFO - [DEBUG] Gesamter OCR-Text:
2025-07-13 21:46:43,387 - SalaryLoaderBackend - INFO - Rechnung-Nr. 25003898 Wien, 01.07.2025
2025-07-13 21:46:43,387 - SalaryLoaderBackend - INFO - 1x Kleine Funkpauschale 232,00 20%
2025-07-13 21:46:43,388 - SalaryLoaderBackend - INFO - 2x Monatsgebühr Flughafen 14,00 20%
2025-07-13 21:46:43,388 - SalaryLoaderBackend - INFO - 2x Gutschrift für die Einzugsermächtigung -46,00 20%
2025-07-13 21:46:43,389 - SalaryLoaderBackend - INFO - 2 x Abrechnungspauschale 10,00 20%
2025-07-13 21:46:43,389 - SalaryLoaderBackend - INFO - 1x Mini Funkpauschale 115,00 20%
2025-07-13 21:46:43,390 - SalaryLoaderBackend - INFO - 1 x Lizenz driverAPP 20% 15,00 20%
2025-07-13 21:46:43,390 - SalaryLoaderBackend - INFO - 1x Abrechnungspauschale Reg-Kassa 11,00 20%
2025-07-13 21:46:43,391 - SalaryLoaderBackend - INFO - 2x Umweltbonus für papierfreie Abrechnung -30,00 20%
2025-07-13 21:46:43,392 - SalaryLoaderBackend - INFO - Impulse Flughafen 69,67 20%
2025-07-13 21:46:43,392 - SalaryLoaderBackend - INFO - Impulse Fixpreis 49,72 20%
2025-07-13 21:46:43,393 - SalaryLoaderBackend - INFO - Impulse OhnePreis 252,16 20%
2025-07-13 21:46:43,394 - SalaryLoaderBackend - INFO - Disagio AS-Kundenkarte (1,00 % von 45,00) 0,45 20%
2025-07-13 21:46:43,394 - SalaryLoaderBackend - INFO - Flughafenhinfahrten 73,74 20%
2025-07-13 21:46:43,395 - SalaryLoaderBackend - INFO - Verwaltungsgebühr MA (7,00 % von 49,40) 3,46 20%
2025-07-13 21:46:43,396 - SalaryLoaderBackend - INFO - Flughafenrückfahrten 49,56 20%
2025-07-13 21:46:43,396 - SalaryLoaderBackend - INFO - 1x Umsatz Einmalkarten -41,00
2025-07-13 21:46:43,397 - SalaryLoaderBackend - INFO - 1x Umsatz AS-Kundenkarte -45,00
2025-07-13 21:46:43,398 - SalaryLoaderBackend - INFO - [DEBUG] Datum gefunden: 01.07.2025
2025-07-13 21:46:43,398 - SalaryLoaderBackend - INFO - [DEBUG] Rechnungsdatum 01.07.2025 -> Vormonat: 06_25
2025-07-13 21:46:43,400 - SalaryLoaderBackend - INFO - [DEBUG] Verwende Tabelle: 06_25
2025-07-13 21:46:43,401 - SalaryLoaderBackend - INFO - [DEBUG] Erkannt: 31300-Rechnungsformat
2025-07-13 21:46:43,402 - SalaryLoaderBackend - INFO - [DEBUG] 31300-Block: Kennung=132C, Netto=292,15, Brutto=350,57
2025-07-13 21:46:43,402 - SalaryLoaderBackend - INFO - [DEBUG] 31300-Block: Kennung=591B, Netto=400,40, Brutto=480,48
2025-07-13 21:46:43,403 - SalaryLoaderBackend - INFO - [DEBUG] Kein 'Gesamt Kennung' für Fahrzeug 2011 gefunden
2025-07-13 21:46:43,404 - SalaryLoaderBackend - INFO - [DEBUG] Kein 'Gesamt Kennung' für Fahrzeug 2114 gefunden
2025-07-13 21:46:43,406 - SalaryLoaderBackend - INFO - [DEBUG] [OK] Teil-Match: Kennung=132C -> Kennzeichen=W132CTX
2025-07-13 21:46:43,407 - SalaryLoaderBackend - INFO - [DEBUG] Block: Kennung=132C, Echter Kennzeichen=W132CTX, Referent=132C, Netto=292,15, Brutto=350,57
2025-07-13 21:46:43,408 - SalaryLoaderBackend - INFO - [DEBUG] [OK] Importiert: W132CTX (Kennung: 132C)
2025-07-13 21:46:43,409 - SalaryLoaderBackend - INFO - [DEBUG] [OK] Teil-Match: Kennung=591B -> Kennzeichen=W591BTX
2025-07-13 21:46:43,410 - SalaryLoaderBackend - INFO - [DEBUG] Block: Kennung=591B, Echter Kennzeichen=W591BTX, Referent=591B, Netto=400,40, Brutto=480,48
2025-07-13 21:46:43,411 - SalaryLoaderBackend - INFO - [DEBUG] [OK] Importiert: W591BTX (Kennung: 591B)
2025-07-13 21:46:43,412 - SalaryLoaderBackend - INFO - [OK] ARF/Funk verarbeitet und in Tabelle 06_25 gespeichert.
2025-07-13 21:46:43,453 - SalaryLoaderBackend - INFO - [OK] rechnung.25003898.pdf erfolgreich importiert
2025-07-13 21:56:19,034 - SalaryLoaderBackend - INFO - Starte Import: C:/DEV/V3/rechnung.25003898.pdf
2025-07-13 21:56:33,356 - SalaryLoaderBackend - INFO - [DEBUG] Gesamter OCR-Text:
2025-07-13 21:56:33,357 - SalaryLoaderBackend - INFO - Rechnung-Nr. 25003898 Wien, 01.07.2025
2025-07-13 21:56:33,357 - SalaryLoaderBackend - INFO - 1x Kleine Funkpauschale 232,00 20%
2025-07-13 21:56:33,358 - SalaryLoaderBackend - INFO - 2x Monatsgebühr Flughafen 14,00 20%
2025-07-13 21:56:33,358 - SalaryLoaderBackend - INFO - 2x Gutschrift für die Einzugsermächtigung -46,00 20%
2025-07-13 21:56:33,358 - SalaryLoaderBackend - INFO - 2 x Abrechnungspauschale 10,00 20%
2025-07-13 21:56:33,358 - SalaryLoaderBackend - INFO - 1x Mini Funkpauschale 115,00 20%
2025-07-13 21:56:33,358 - SalaryLoaderBackend - INFO - 1 x Lizenz driverAPP 20% 15,00 20%
2025-07-13 21:56:33,359 - SalaryLoaderBackend - INFO - 1x Abrechnungspauschale Reg-Kassa 11,00 20%
2025-07-13 21:56:33,359 - SalaryLoaderBackend - INFO - 2x Umweltbonus für papierfreie Abrechnung -30,00 20%
2025-07-13 21:56:33,359 - SalaryLoaderBackend - INFO - Impulse Flughafen 69,67 20%
2025-07-13 21:56:33,359 - SalaryLoaderBackend - INFO - Impulse Fixpreis 49,72 20%
2025-07-13 21:56:33,359 - SalaryLoaderBackend - INFO - Impulse OhnePreis 252,16 20%
2025-07-13 21:56:33,359 - SalaryLoaderBackend - INFO - Disagio AS-Kundenkarte (1,00 % von 45,00) 0,45 20%
2025-07-13 21:56:33,360 - SalaryLoaderBackend - INFO - Flughafenhinfahrten 73,74 20%
2025-07-13 21:56:33,360 - SalaryLoaderBackend - INFO - Verwaltungsgebühr MA (7,00 % von 49,40) 3,46 20%
2025-07-13 21:56:33,360 - SalaryLoaderBackend - INFO - Flughafenrückfahrten 49,56 20%
2025-07-13 21:56:33,361 - SalaryLoaderBackend - INFO - 1x Umsatz Einmalkarten -41,00
2025-07-13 21:56:33,361 - SalaryLoaderBackend - INFO - 1x Umsatz AS-Kundenkarte -45,00
2025-07-13 21:56:33,361 - SalaryLoaderBackend - INFO - [DEBUG] Datum gefunden: 01.07.2025
2025-07-13 21:56:33,361 - SalaryLoaderBackend - INFO - [DEBUG] Rechnungsdatum 01.07.2025 -> Vormonat: 06_25
2025-07-13 21:56:33,361 - SalaryLoaderBackend - INFO - [DEBUG] Verwende Tabelle: 06_25
2025-07-13 21:56:33,362 - SalaryLoaderBackend - INFO - [DEBUG] Erkannt: 31300-Rechnungsformat
2025-07-13 21:56:33,362 - SalaryLoaderBackend - INFO - [DEBUG] 31300-Block: Kennung=132C, Netto=292,15, Brutto=350,57
2025-07-13 21:56:33,362 - SalaryLoaderBackend - INFO - [DEBUG] 31300-Block: Kennung=591B, Netto=400,40, Brutto=480,48
2025-07-13 21:56:33,362 - SalaryLoaderBackend - INFO - [DEBUG] Kein 'Gesamt Kennung' für Fahrzeug 2011 gefunden
2025-07-13 21:56:33,362 - SalaryLoaderBackend - INFO - [DEBUG] Kein 'Gesamt Kennung' für Fahrzeug 2114 gefunden
2025-07-13 21:56:33,363 - SalaryLoaderBackend - INFO - [DEBUG] [OK] Teil-Match: Kennung=132C -> Kennzeichen=W132CTX
2025-07-13 21:56:33,363 - SalaryLoaderBackend - INFO - [DEBUG] Block: Kennung=132C, Echter Kennzeichen=W132CTX, Referent=132C, Netto=292,15, Brutto=350,57
2025-07-13 21:56:33,363 - SalaryLoaderBackend - INFO - [DEBUG] [OK] Importiert: W132CTX (Kennung: 132C)
2025-07-13 21:56:33,363 - SalaryLoaderBackend - INFO - [DEBUG] [OK] Teil-Match: Kennung=591B -> Kennzeichen=W591BTX
2025-07-13 21:56:33,364 - SalaryLoaderBackend - INFO - [DEBUG] Block: Kennung=591B, Echter Kennzeichen=W591BTX, Referent=591B, Netto=400,40, Brutto=480,48
2025-07-13 21:56:33,364 - SalaryLoaderBackend - INFO - [DEBUG] [OK] Importiert: W591BTX (Kennung: 591B)
2025-07-13 21:56:33,364 - SalaryLoaderBackend - INFO - [OK] ARF/Funk verarbeitet und in Tabelle 06_25 gespeichert.
2025-07-13 21:56:33,416 - SalaryLoaderBackend - INFO - [OK] rechnung.25003898.pdf erfolgreich importiert
2025-07-13 22:25:36,379 - SalaryLoaderBackend - INFO - Starte Import: C:/DEV/V3/rechnung.25003898.pdf
2025-07-13 22:25:50,569 - SalaryLoaderBackend - INFO - [DEBUG] Gesamter OCR-Text:
2025-07-13 22:25:50,570 - SalaryLoaderBackend - INFO - Rechnung-Nr. 25003898 Wien, 01.07.2025
2025-07-13 22:25:50,570 - SalaryLoaderBackend - INFO - 1x Kleine Funkpauschale 232,00 20%
2025-07-13 22:25:50,570 - SalaryLoaderBackend - INFO - 2x Monatsgebühr Flughafen 14,00 20%
2025-07-13 22:25:50,570 - SalaryLoaderBackend - INFO - 2x Gutschrift für die Einzugsermächtigung -46,00 20%
2025-07-13 22:25:50,571 - SalaryLoaderBackend - INFO - 2 x Abrechnungspauschale 10,00 20%
2025-07-13 22:25:50,571 - SalaryLoaderBackend - INFO - 1x Mini Funkpauschale 115,00 20%
2025-07-13 22:25:50,571 - SalaryLoaderBackend - INFO - 1 x Lizenz driverAPP 20% 15,00 20%
2025-07-13 22:25:50,571 - SalaryLoaderBackend - INFO - 1x Abrechnungspauschale Reg-Kassa 11,00 20%
2025-07-13 22:25:50,571 - SalaryLoaderBackend - INFO - 2x Umweltbonus für papierfreie Abrechnung -30,00 20%
2025-07-13 22:25:50,572 - SalaryLoaderBackend - INFO - Impulse Flughafen 69,67 20%
2025-07-13 22:25:50,572 - SalaryLoaderBackend - INFO - Impulse Fixpreis 49,72 20%
2025-07-13 22:25:50,572 - SalaryLoaderBackend - INFO - Impulse OhnePreis 252,16 20%
2025-07-13 22:25:50,572 - SalaryLoaderBackend - INFO - Disagio AS-Kundenkarte (1,00 % von 45,00) 0,45 20%
2025-07-13 22:25:50,572 - SalaryLoaderBackend - INFO - Flughafenhinfahrten 73,74 20%
2025-07-13 22:25:50,573 - SalaryLoaderBackend - INFO - Verwaltungsgebühr MA (7,00 % von 49,40) 3,46 20%
2025-07-13 22:25:50,573 - SalaryLoaderBackend - INFO - Flughafenrückfahrten 49,56 20%
2025-07-13 22:25:50,573 - SalaryLoaderBackend - INFO - 1x Umsatz Einmalkarten -41,00
2025-07-13 22:25:50,574 - SalaryLoaderBackend - INFO - 1x Umsatz AS-Kundenkarte -45,00
2025-07-13 22:25:50,574 - SalaryLoaderBackend - INFO - [DEBUG] Datum gefunden: 01.07.2025
2025-07-13 22:25:50,574 - SalaryLoaderBackend - INFO - [DEBUG] Rechnungsdatum 01.07.2025 -> Vormonat: 06_25
2025-07-13 22:25:50,574 - SalaryLoaderBackend - INFO - [DEBUG] Verwende Tabelle: 06_25
2025-07-13 22:25:50,574 - SalaryLoaderBackend - INFO - [DEBUG] Erkannt: 31300-Rechnungsformat
2025-07-13 22:25:50,574 - SalaryLoaderBackend - INFO - [DEBUG] 31300-Block: Kennung=132C, Netto=292,15, Brutto=350,57
2025-07-13 22:25:50,575 - SalaryLoaderBackend - INFO - [DEBUG] 31300-Block: Kennung=591B, Netto=400,40, Brutto=480,48
2025-07-13 22:25:50,575 - SalaryLoaderBackend - INFO - [DEBUG] Kein 'Gesamt Kennung' für Fahrzeug 2011 gefunden
2025-07-13 22:25:50,575 - SalaryLoaderBackend - INFO - [DEBUG] Kein 'Gesamt Kennung' für Fahrzeug 2114 gefunden
2025-07-13 22:25:50,575 - SalaryLoaderBackend - INFO - [DEBUG] [OK] Teil-Match: Kennung=132C -> Kennzeichen=W132CTX
2025-07-13 22:25:50,575 - SalaryLoaderBackend - INFO - [DEBUG] Block: Kennung=132C, Echter Kennzeichen=W132CTX, Referent=132C, Netto=292,15, Brutto=350,57
2025-07-13 22:25:50,576 - SalaryLoaderBackend - INFO - [DEBUG] [OK] Importiert: W132CTX (Kennung: 132C)
2025-07-13 22:25:50,576 - SalaryLoaderBackend - INFO - [DEBUG] [OK] Teil-Match: Kennung=591B -> Kennzeichen=W591BTX
2025-07-13 22:25:50,576 - SalaryLoaderBackend - INFO - [DEBUG] Block: Kennung=591B, Echter Kennzeichen=W591BTX, Referent=591B, Netto=400,40, Brutto=480,48
2025-07-13 22:25:50,576 - SalaryLoaderBackend - INFO - [DEBUG] [OK] Importiert: W591BTX (Kennung: 591B)
2025-07-13 22:25:50,577 - SalaryLoaderBackend - INFO - [OK] ARF/Funk verarbeitet und in Tabelle 06_25 gespeichert.
2025-07-13 22:25:50,627 - SalaryLoaderBackend - INFO - [OK] rechnung.25003898.pdf erfolgreich importiert
2025-07-13 22:27:54,712 - SalaryLoaderBackend - INFO - Starte Import: C:/DEV/V3/rechnung.25003898.pdf
2025-07-13 22:28:09,103 - SalaryLoaderBackend - INFO - [DEBUG] Gesamter OCR-Text:
2025-07-13 22:28:09,104 - SalaryLoaderBackend - INFO - Rechnung-Nr. 25003898 Wien, 01.07.2025
2025-07-13 22:28:09,104 - SalaryLoaderBackend - INFO - 1x Kleine Funkpauschale 232,00 20%
2025-07-13 22:28:09,104 - SalaryLoaderBackend - INFO - 2x Monatsgebühr Flughafen 14,00 20%
2025-07-13 22:28:09,104 - SalaryLoaderBackend - INFO - 2x Gutschrift für die Einzugsermächtigung -46,00 20%
2025-07-13 22:28:09,105 - SalaryLoaderBackend - INFO - 2 x Abrechnungspauschale 10,00 20%
2025-07-13 22:28:09,105 - SalaryLoaderBackend - INFO - 1x Mini Funkpauschale 115,00 20%
2025-07-13 22:28:09,105 - SalaryLoaderBackend - INFO - 1 x Lizenz driverAPP 20% 15,00 20%
2025-07-13 22:28:09,105 - SalaryLoaderBackend - INFO - 1x Abrechnungspauschale Reg-Kassa 11,00 20%
2025-07-13 22:28:09,105 - SalaryLoaderBackend - INFO - 2x Umweltbonus für papierfreie Abrechnung -30,00 20%
2025-07-13 22:28:09,105 - SalaryLoaderBackend - INFO - Impulse Flughafen 69,67 20%
2025-07-13 22:28:09,105 - SalaryLoaderBackend - INFO - Impulse Fixpreis 49,72 20%
2025-07-13 22:28:09,105 - SalaryLoaderBackend - INFO - Impulse OhnePreis 252,16 20%
2025-07-13 22:28:09,106 - SalaryLoaderBackend - INFO - Disagio AS-Kundenkarte (1,00 % von 45,00) 0,45 20%
2025-07-13 22:28:09,106 - SalaryLoaderBackend - INFO - Flughafenhinfahrten 73,74 20%
2025-07-13 22:28:09,107 - SalaryLoaderBackend - INFO - Verwaltungsgebühr MA (7,00 % von 49,40) 3,46 20%
2025-07-13 22:28:09,107 - SalaryLoaderBackend - INFO - Flughafenrückfahrten 49,56 20%
2025-07-13 22:28:09,107 - SalaryLoaderBackend - INFO - 1x Umsatz Einmalkarten -41,00
2025-07-13 22:28:09,107 - SalaryLoaderBackend - INFO - 1x Umsatz AS-Kundenkarte -45,00
2025-07-13 22:28:09,107 - SalaryLoaderBackend - INFO - [DEBUG] Datum gefunden: 01.07.2025
2025-07-13 22:28:09,107 - SalaryLoaderBackend - INFO - [DEBUG] Rechnungsdatum 01.07.2025 -> Vormonat: 06_25
2025-07-13 22:28:09,107 - SalaryLoaderBackend - INFO - [DEBUG] Verwende Tabelle: 06_25
2025-07-13 22:28:09,108 - SalaryLoaderBackend - INFO - [DEBUG] Erkannt: 31300-Rechnungsformat
2025-07-13 22:28:09,108 - SalaryLoaderBackend - INFO - [DEBUG] 31300-Block: Kennung=132C, Netto=292,15, Brutto=350,57
2025-07-13 22:28:09,108 - SalaryLoaderBackend - INFO - [DEBUG] 31300-Block: Kennung=591B, Netto=400,40, Brutto=480,48
2025-07-13 22:28:09,108 - SalaryLoaderBackend - INFO - [DEBUG] Kein 'Gesamt Kennung' für Fahrzeug 2011 gefunden
2025-07-13 22:28:09,108 - SalaryLoaderBackend - INFO - [DEBUG] Kein 'Gesamt Kennung' für Fahrzeug 2114 gefunden
2025-07-13 22:28:09,108 - SalaryLoaderBackend - INFO - [DEBUG] [OK] Teil-Match: Kennung=132C -> Kennzeichen=W132CTX
2025-07-13 22:28:09,109 - SalaryLoaderBackend - INFO - [DEBUG] Block: Kennung=132C, Echter Kennzeichen=W132CTX, Referent=132C, Netto=292,15, Brutto=350,57
2025-07-13 22:28:09,109 - SalaryLoaderBackend - INFO - [DEBUG] [OK] Importiert: W132CTX (Kennung: 132C)
2025-07-13 22:28:09,109 - SalaryLoaderBackend - INFO - [DEBUG] [OK] Teil-Match: Kennung=591B -> Kennzeichen=W591BTX
2025-07-13 22:28:09,109 - SalaryLoaderBackend - INFO - [DEBUG] Block: Kennung=591B, Echter Kennzeichen=W591BTX, Referent=591B, Netto=400,40, Brutto=480,48
2025-07-13 22:28:09,110 - SalaryLoaderBackend - INFO - [DEBUG] [OK] Importiert: W591BTX (Kennung: 591B)
2025-07-13 22:28:09,110 - SalaryLoaderBackend - INFO - [OK] ARF/Funk verarbeitet und in Tabelle 06_25 gespeichert.
2025-07-13 22:28:09,164 - SalaryLoaderBackend - INFO - [OK] rechnung.25003898.pdf erfolgreich importiert
